{"uid":"f50ae23f5c4b3826","name":"DDT: Checkout with multiple data sets","fullName":"org.example.tests.CheckoutTest.testCheckoutDataDriven","historyId":"9e9631f77d209655bbaf52b980d71384","time":{"start":1769392473623,"stop":1769392561207,"duration":87584},"status":"failed","statusMessage":"FAIL: Order confirmation message is null (Order likely failed). expected object to not be null","statusTrace":"java.lang.AssertionError: FAIL: Order confirmation message is null (Order likely failed). expected object to not be null\n\tat org.testng.Assert.fail(Assert.java:111)\n\tat org.testng.Assert.assertNotNull(Assert.java:1484)\n\tat org.example.tests.CheckoutTest.testCheckoutDataDriven(CheckoutTest.java:75)\n\tat java.base/jdk.internal.reflect.DirectMethodHandleAccessor.invoke(DirectMethodHandleAccessor.java:103)\n\tat java.base/java.lang.reflect.Method.invoke(Method.java:580)\n\tat org.testng.internal.invokers.MethodInvocationHelper.invokeMethod(MethodInvocationHelper.java:141)\n\tat org.testng.internal.invokers.TestInvoker.invokeMethod(TestInvoker.java:686)\n\tat org.testng.internal.invokers.TestInvoker.invokeTestMethod(TestInvoker.java:230)\n\tat org.testng.internal.invokers.MethodRunner.runInSequence(MethodRunner.java:63)\n\tat org.testng.internal.invokers.TestInvoker$MethodInvocationAgent.invoke(TestInvoker.java:992)\n\tat org.testng.internal.invokers.TestInvoker.invokeTestMethods(TestInvoker.java:203)\n\tat org.testng.internal.invokers.TestMethodWorker.invokeTestMethods(TestMethodWorker.java:154)\n\tat org.testng.internal.invokers.TestMethodWorker.run(TestMethodWorker.java:134)\n\tat java.base/java.util.ArrayList.forEach(ArrayList.java:1597)\n\tat org.testng.TestRunner.privateRun(TestRunner.java:739)\n\tat org.testng.TestRunner.run(TestRunner.java:614)\n\tat org.testng.SuiteRunner.runTest(SuiteRunner.java:421)\n\tat org.testng.SuiteRunner$SuiteWorker.run(SuiteRunner.java:463)\n\tat org.testng.internal.thread.ThreadUtil.lambda$execute$0(ThreadUtil.java:64)\n\tat java.base/java.util.concurrent.FutureTask.run(FutureTask.java:317)\n\tat java.base/java.util.concurrent.ThreadPoolExecutor.runWorker(ThreadPoolExecutor.java:1144)\n\tat java.base/java.util.concurrent.ThreadPoolExecutor$Worker.run(ThreadPoolExecutor.java:642)\n\tat java.base/java.lang.Thread.run(Thread.java:1570)\n","flaky":false,"newFailed":false,"newBroken":false,"newPassed":false,"retriesCount":0,"retriesStatusChange":false,"beforeStages":[],"testStage":{"status":"failed","statusMessage":"FAIL: Order confirmation message is null (Order likely failed). expected object to not be null","statusTrace":"java.lang.AssertionError: FAIL: Order confirmation message is null (Order likely failed). expected object to not be null\n\tat org.testng.Assert.fail(Assert.java:111)\n\tat org.testng.Assert.assertNotNull(Assert.java:1484)\n\tat org.example.tests.CheckoutTest.testCheckoutDataDriven(CheckoutTest.java:75)\n\tat java.base/jdk.internal.reflect.DirectMethodHandleAccessor.invoke(DirectMethodHandleAccessor.java:103)\n\tat java.base/java.lang.reflect.Method.invoke(Method.java:580)\n\tat org.testng.internal.invokers.MethodInvocationHelper.invokeMethod(MethodInvocationHelper.java:141)\n\tat org.testng.internal.invokers.TestInvoker.invokeMethod(TestInvoker.java:686)\n\tat org.testng.internal.invokers.TestInvoker.invokeTestMethod(TestInvoker.java:230)\n\tat org.testng.internal.invokers.MethodRunner.runInSequence(MethodRunner.java:63)\n\tat org.testng.internal.invokers.TestInvoker$MethodInvocationAgent.invoke(TestInvoker.java:992)\n\tat org.testng.internal.invokers.TestInvoker.invokeTestMethods(TestInvoker.java:203)\n\tat org.testng.internal.invokers.TestMethodWorker.invokeTestMethods(TestMethodWorker.java:154)\n\tat org.testng.internal.invokers.TestMethodWorker.run(TestMethodWorker.java:134)\n\tat java.base/java.util.ArrayList.forEach(ArrayList.java:1597)\n\tat org.testng.TestRunner.privateRun(TestRunner.java:739)\n\tat org.testng.TestRunner.run(TestRunner.java:614)\n\tat org.testng.SuiteRunner.runTest(SuiteRunner.java:421)\n\tat org.testng.SuiteRunner$SuiteWorker.run(SuiteRunner.java:463)\n\tat org.testng.internal.thread.ThreadUtil.lambda$execute$0(ThreadUtil.java:64)\n\tat java.base/java.util.concurrent.FutureTask.run(FutureTask.java:317)\n\tat java.base/java.util.concurrent.ThreadPoolExecutor.runWorker(ThreadPoolExecutor.java:1144)\n\tat java.base/java.util.concurrent.ThreadPoolExecutor$Worker.run(ThreadPoolExecutor.java:642)\n\tat java.base/java.lang.Thread.run(Thread.java:1570)\n","steps":[],"attachments":[{"uid":"29dc90e2a32b93ff","name":"testCheckoutDataDriven","source":"29dc90e2a32b93ff.png","type":"image/png","size":224082}],"parameters":[],"stepsCount":0,"shouldDisplayMessage":true,"attachmentsCount":1,"hasContent":true,"attachmentStep":false},"afterStages":[],"labels":[{"name":"package","value":"org.example.tests.CheckoutTest"},{"name":"testClass","value":"org.example.tests.CheckoutTest"},{"name":"testMethod","value":"testCheckoutDataDriven"},{"name":"parentSuite","value":"High Speed Suite"},{"name":"suite","value":"Run on firefox"},{"name":"subSuite","value":"org.example.tests.CheckoutTest"},{"name":"host","value":"runnervmymu0l"},{"name":"thread","value":"2588@runnervmymu0l.TestNG-tests-2(29)"},{"name":"framework","value":"testng"},{"name":"language","value":"java"},{"name":"severity","value":"normal"},{"name":"resultFormat","value":"allure2"}],"parameters":[{"name":"arg0","value":"{AdditionInfo=fragile goods, State=Can Tho, PostalCode=10000, City=Cần Thơ, Phone=0987654321, Country=Vietnam, Address=123 Main St, ProductName=coca}"},{"name":"browser","value":"firefox"}],"links":[],"hidden":false,"retry":false,"extra":{"severity":"normal","retries":[],"categories":[{"name":"Product defects","matchedStatuses":[],"flaky":false}],"tags":[]},"source":"f50ae23f5c4b3826.json","parameterValues":["{AdditionInfo=fragile goods, State=Can Tho, PostalCode=10000, City=Cần Thơ, Phone=0987654321, Country=Vietnam, Address=123 Main St, ProductName=coca}","firefox"]}