{"uid":"35b4770b52322eb6","name":"Test add new product","fullName":"org.example.tests.AddProductTest.testCreateProduct","historyId":"6afdc65258572274b3a9580e737d8de8","time":{"start":1768960293312,"stop":1768960348830,"duration":55518},"status":"failed","statusMessage":"FAIL: Success message is null. Create product fail expected object to not be null","statusTrace":"java.lang.AssertionError: FAIL: Success message is null. Create product fail expected object to not be null\n\tat org.testng.Assert.fail(Assert.java:111)\n\tat org.testng.Assert.assertNotNull(Assert.java:1484)\n\tat org.example.tests.AddProductTest.testCreateProduct(AddProductTest.java:56)\n\tat java.base/jdk.internal.reflect.DirectMethodHandleAccessor.invoke(DirectMethodHandleAccessor.java:103)\n\tat java.base/java.lang.reflect.Method.invoke(Method.java:580)\n\tat org.testng.internal.invokers.MethodInvocationHelper.invokeMethod(MethodInvocationHelper.java:141)\n\tat org.testng.internal.invokers.TestInvoker.invokeMethod(TestInvoker.java:686)\n\tat org.testng.internal.invokers.TestInvoker.invokeTestMethod(TestInvoker.java:230)\n\tat org.testng.internal.invokers.MethodRunner.runInSequence(MethodRunner.java:63)\n\tat org.testng.internal.invokers.TestInvoker$MethodInvocationAgent.invoke(TestInvoker.java:992)\n\tat org.testng.internal.invokers.TestInvoker.invokeTestMethods(TestInvoker.java:203)\n\tat org.testng.internal.invokers.TestMethodWorker.invokeTestMethods(TestMethodWorker.java:154)\n\tat org.testng.internal.invokers.TestMethodWorker.run(TestMethodWorker.java:134)\n\tat java.base/java.util.ArrayList.forEach(ArrayList.java:1597)\n\tat org.testng.TestRunner.privateRun(TestRunner.java:739)\n\tat org.testng.TestRunner.run(TestRunner.java:614)\n\tat org.testng.SuiteRunner.runTest(SuiteRunner.java:421)\n\tat org.testng.SuiteRunner$SuiteWorker.run(SuiteRunner.java:463)\n\tat org.testng.internal.thread.ThreadUtil.lambda$execute$0(ThreadUtil.java:64)\n\tat java.base/java.util.concurrent.FutureTask.run(FutureTask.java:317)\n\tat java.base/java.util.concurrent.ThreadPoolExecutor.runWorker(ThreadPoolExecutor.java:1144)\n\tat java.base/java.util.concurrent.ThreadPoolExecutor$Worker.run(ThreadPoolExecutor.java:642)\n\tat java.base/java.lang.Thread.run(Thread.java:1570)\n","flaky":false,"newFailed":false,"newBroken":false,"newPassed":false,"retriesCount":0,"retriesStatusChange":false,"beforeStages":[],"testStage":{"status":"failed","statusMessage":"FAIL: Success message is null. Create product fail expected object to not be null","statusTrace":"java.lang.AssertionError: FAIL: Success message is null. Create product fail expected object to not be null\n\tat org.testng.Assert.fail(Assert.java:111)\n\tat org.testng.Assert.assertNotNull(Assert.java:1484)\n\tat org.example.tests.AddProductTest.testCreateProduct(AddProductTest.java:56)\n\tat java.base/jdk.internal.reflect.DirectMethodHandleAccessor.invoke(DirectMethodHandleAccessor.java:103)\n\tat java.base/java.lang.reflect.Method.invoke(Method.java:580)\n\tat org.testng.internal.invokers.MethodInvocationHelper.invokeMethod(MethodInvocationHelper.java:141)\n\tat org.testng.internal.invokers.TestInvoker.invokeMethod(TestInvoker.java:686)\n\tat org.testng.internal.invokers.TestInvoker.invokeTestMethod(TestInvoker.java:230)\n\tat org.testng.internal.invokers.MethodRunner.runInSequence(MethodRunner.java:63)\n\tat org.testng.internal.invokers.TestInvoker$MethodInvocationAgent.invoke(TestInvoker.java:992)\n\tat org.testng.internal.invokers.TestInvoker.invokeTestMethods(TestInvoker.java:203)\n\tat org.testng.internal.invokers.TestMethodWorker.invokeTestMethods(TestMethodWorker.java:154)\n\tat org.testng.internal.invokers.TestMethodWorker.run(TestMethodWorker.java:134)\n\tat java.base/java.util.ArrayList.forEach(ArrayList.java:1597)\n\tat org.testng.TestRunner.privateRun(TestRunner.java:739)\n\tat org.testng.TestRunner.run(TestRunner.java:614)\n\tat org.testng.SuiteRunner.runTest(SuiteRunner.java:421)\n\tat org.testng.SuiteRunner$SuiteWorker.run(SuiteRunner.java:463)\n\tat org.testng.internal.thread.ThreadUtil.lambda$execute$0(ThreadUtil.java:64)\n\tat java.base/java.util.concurrent.FutureTask.run(FutureTask.java:317)\n\tat java.base/java.util.concurrent.ThreadPoolExecutor.runWorker(ThreadPoolExecutor.java:1144)\n\tat java.base/java.util.concurrent.ThreadPoolExecutor$Worker.run(ThreadPoolExecutor.java:642)\n\tat java.base/java.lang.Thread.run(Thread.java:1570)\n","steps":[],"attachments":[{"uid":"6e4156aa7defbda6","name":"testCreateProduct","source":"6e4156aa7defbda6.png","type":"image/png","size":149260}],"parameters":[],"stepsCount":0,"shouldDisplayMessage":true,"attachmentsCount":1,"hasContent":true,"attachmentStep":false},"afterStages":[],"labels":[{"name":"package","value":"org.example.tests.AddProductTest"},{"name":"testClass","value":"org.example.tests.AddProductTest"},{"name":"testMethod","value":"testCreateProduct"},{"name":"parentSuite","value":"High Speed Suite"},{"name":"suite","value":"Run on firefox"},{"name":"subSuite","value":"org.example.tests.AddProductTest"},{"name":"host","value":"runnervmmtnos"},{"name":"thread","value":"2514@runnervmmtnos.TestNG-tests-2(29)"},{"name":"framework","value":"testng"},{"name":"language","value":"java"},{"name":"severity","value":"normal"},{"name":"resultFormat","value":"allure2"}],"parameters":[{"name":"arg0","value":"{Description=Laptop xịn 2025, Quantity=10, Unit=Pc, ProductName=Laptop Dell XPS 15, Tags=laptop,dell,gaming, MinimumPurchaseQty=1, Discount=0, UnitPrice=1500, Category=Computers, Brand=Dell}"},{"name":"browser","value":"firefox"}],"links":[],"hidden":false,"retry":false,"extra":{"severity":"normal","retries":[],"categories":[{"name":"Product defects","matchedStatuses":[],"flaky":false}],"tags":[]},"source":"35b4770b52322eb6.json","parameterValues":["{Description=Laptop xịn 2025, Quantity=10, Unit=Pc, ProductName=Laptop Dell XPS 15, Tags=laptop,dell,gaming, MinimumPurchaseQty=1, Discount=0, UnitPrice=1500, Category=Computers, Brand=Dell}","firefox"]}